[debug] [2026-04-14T15:59:50.887Z] ----------------------------------------------------------------------
[debug] [2026-04-14T15:59:50.890Z] Command:       C:\Program Files\nodejs\node.exe C:\Users\jeong\AppData\Roaming\npm\node_modules\firebase-tools\lib\bin\firebase.js projects:list
[debug] [2026-04-14T15:59:50.891Z] CLI Version:   15.9.0
[debug] [2026-04-14T15:59:50.891Z] Platform:      win32
[debug] [2026-04-14T15:59:50.891Z] Node Version:  v24.13.1
[debug] [2026-04-14T15:59:50.891Z] Time:          Wed Apr 15 2026 00:59:50 GMT+0900 (한국 표준시)
[debug] [2026-04-14T15:59:50.892Z] ----------------------------------------------------------------------
[debug] 
[debug] [2026-04-14T15:59:50.899Z] > command requires scopes: ["email","openid","https://www.googleapis.com/auth/cloudplatformprojects.readonly","https://www.googleapis.com/auth/firebase","https://www.googleapis.com/auth/cloud-platform"]
[debug] [2026-04-14T15:59:50.899Z] > authorizing via signed-in user (hy3d@hy3d.kr)
[debug] [2026-04-14T15:59:50.902Z] Checked if tokens are valid: false, expires at: 1773084294231
[debug] [2026-04-14T15:59:50.903Z] Checked if tokens are valid: false, expires at: 1773084294231
[debug] [2026-04-14T15:59:50.903Z] > refreshing access token with scopes: []
[debug] [2026-04-14T15:59:50.905Z] >>> [apiv2][query] POST https://www.googleapis.com/oauth2/v3/token [none]
[debug] [2026-04-14T15:59:50.905Z] >>> [apiv2][body] POST https://www.googleapis.com/oauth2/v3/token [omitted]
[debug] [2026-04-14T15:59:51.131Z] <<< [apiv2][status] POST https://www.googleapis.com/oauth2/v3/token 400
[debug] [2026-04-14T15:59:51.131Z] <<< [apiv2][body] POST https://www.googleapis.com/oauth2/v3/token [omitted]
[error] Authentication Error: Your credentials are no longer valid. Please run firebase login --reauth

For CI servers and headless environments, generate a new token with firebase login:ci
[error] Authentication Error: Your credentials are no longer valid. Please run firebase login --reauth

For CI servers and headless environments, generate a new token with firebase login:ci
[debug] [2026-04-14T15:59:51.132Z] Authentication Error: Your credentials are no longer valid. Please run firebase login --reauth

For CI servers and headless environments, generate a new token with firebase login:ci
[debug] [2026-04-14T15:59:51.318Z] FirebaseError: Authentication Error: Your credentials are no longer valid. Please run firebase login --reauth

For CI servers and headless environments, generate a new token with firebase login:ci
    at invalidCredentialError (C:\Users\jeong\AppData\Roaming\npm\node_modules\firebase-tools\lib\auth.js:177:12)
    at refreshTokens (C:\Users\jeong\AppData\Roaming\npm\node_modules\firebase-tools\lib\auth.js:590:15)
    at process.processTicksAndRejections (node:internal/process/task_queues:103:5)
    at async getAccessToken (C:\Users\jeong\AppData\Roaming\npm\node_modules\firebase-tools\lib\apiv2.js:52:18)
    at async Client.addAuthHeader (C:\Users\jeong\AppData\Roaming\npm\node_modules\firebase-tools\lib\apiv2.js:182:21)
    at async Client.request (C:\Users\jeong\AppData\Roaming\npm\node_modules\firebase-tools\lib\apiv2.js:129:34)
    at async getProjectPage (C:\Users\jeong\AppData\Roaming\npm\node_modules\firebase-tools\lib\management\projects.js:287:17)
    at async getFirebaseProjectPage (C:\Users\jeong\AppData\Roaming\npm\node_modules\firebase-tools\lib\management\projects.js:304:23)
    at async listFirebaseProjects (C:\Users\jeong\AppData\Roaming\npm\node_modules\firebase-tools\lib\management\projects.js:333:29)
    at async Command.actionFn (C:\Users\jeong\AppData\Roaming\npm\node_modules\firebase-tools\lib\commands\projects-list.js:51:20)
[error] 
[error] Error: Failed to list Firebase projects. See firebase-debug.log for more info.
